  time_stretch.cc
  timestamp_scaler.cc
e:\project\webrtc\webrtc\git\webrtc_vs2015-master\webrtc_vs2015-master\webrtc\modules\audio_coding\neteq\timestamp_scaler.cc(65): warning C4244: “+=”: 从“int64_t”转换到“uint32_t”，可能丢失数据
e:\project\webrtc\webrtc\git\webrtc_vs2015-master\webrtc_vs2015-master\webrtc\modules\audio_coding\neteq\timestamp_scaler.cc(83): warning C4244: “return”: 从“int64_t”转换到“uint32_t”，可能丢失数据
  tick_timer.cc
  sync_buffer.cc
  statistics_calculator.cc
  rtcp.cc
e:\project\webrtc\webrtc\git\webrtc_vs2015-master\webrtc_vs2015-master\webrtc\modules\audio_coding\neteq\rtcp.cc(93): warning C4244: “=”: 从“int64_t”转换到“uint32_t”，可能丢失数据
  red_payload_splitter.cc
  random_vector.cc
  preemptive_expand.cc
  post_decode_vad.cc
  packet_buffer.cc
  packet.cc
  normal.cc
  neteq_impl.cc
e:\project\webrtc\webrtc\git\webrtc_vs2015-master\webrtc_vs2015-master\webrtc\modules\audio_coding\neteq\neteq_impl.cc(1965): warning C4244: “参数”: 从“uint64_t”转换到“int”，可能丢失数据
  neteq.cc
  nack_tracker.cc
  merge.cc
  expand.cc
  dtmf_tone_generator.cc
  dtmf_buffer.cc
  正在生成代码...
  正在编译...
  dsp_helper.cc
  delay_peak_detector.cc
  delay_manager.cc
e:\project\webrtc\webrtc\git\webrtc_vs2015-master\webrtc_vs2015-master\webrtc\modules\audio_coding\neteq\delay_manager.cc(109): warning C4244: “初始化”: 从“uint64_t”转换到“int”，可能丢失数据
e:\project\webrtc\webrtc\git\webrtc_vs2015-master\webrtc_vs2015-master\webrtc\modules\audio_coding\neteq\delay_manager.cc(151): warning C4244: “初始化”: 从“uint64_t”转换到“int”，可能丢失数据
  decoder_database.cc
  decision_logic_normal.cc
  decision_logic_fax.cc
  decision_logic.cc
  cross_correlation.cc
  comfort_noise.cc
  buffer_level_filter.cc
  background_noise.cc
  audio_vector.cc
  audio_multi_vector.cc
  audio_decoder_impl.cc
  accelerate.cc
  legacy_encoded_audio_frame.cc
  builtin_audio_decoder_factory_internal.cc
  audio_format_conversion.cc
  audio_encoder.cc
  frame_length_controller.cc
  正在生成代码...
  正在编译...
  fec_controller.cc
e:\project\webrtc\webrtc\git\webrtc_vs2015-master\webrtc_vs2015-master\webrtc\system_wrappers\include\ntp_time.h(43): warning C4244: “return”: 从“uint64_t”转换到“uint32_t”，可能丢失数据
e:\project\webrtc\webrtc\git\webrtc_vs2015-master\webrtc_vs2015-master\webrtc\modules\audio_coding\audio_network_adaptor\fec_controller.cc(93): warning C4244: “参数”: 从“double”转换到“float”，可能丢失数据
e:\project\webrtc\webrtc\git\webrtc_vs2015-master\webrtc_vs2015-master\webrtc\modules\audio_coding\audio_network_adaptor\fec_controller.cc(102): warning C4244: “=”: 从“double”转换到“float”，可能丢失数据
  event_log_writer.cc
  dtx_controller.cc
  debug_dump_writer.cc
  controller_manager.cc
e:\project\webrtc\webrtc\git\webrtc_vs2015-master\webrtc_vs2015-master\webrtc\system_wrappers\include\ntp_time.h(43): warning C4244: “return”: 从“uint64_t”转换到“uint32_t”，可能丢失数据
  controller.cc
  channel_controller.cc
  bitrate_controller.cc
e:\project\webrtc\webrtc\git\webrtc_vs2015-master\webrtc_vs2015-master\webrtc\modules\audio_coding\audio_network_adaptor\bitrate_controller.cc(59): warning C4267: “初始化”: 从“size_t”转换到“int”，可能丢失数据
  audio_network_adaptor_impl.cc
e:\project\webrtc\webrtc\git\webrtc_vs2015-master\webrtc_vs2015-master\webrtc\system_wrappers\include\ntp_time.h(43): warning C4244: “return”: 从“uint64_t”转换到“uint32_t”，可能丢失数据
  audio_network_adaptor.cc
  rent_a_codec.cc
  codec_manager.cc
e:\project\webrtc\webrtc\git\webrtc_vs2015-master\webrtc_vs2015-master\webrtc\system_wrappers\include\ntp_time.h(43): warning C4244: “return”: 从“uint64_t”转换到“uint32_t”，可能丢失数据
  call_statistics.cc
  audio_coding_module.cc
e:\project\webrtc\webrtc\git\webrtc_vs2015-master\webrtc_vs2015-master\webrtc\system_wrappers\include\ntp_time.h(43): warning C4244: “return”: 从“uint64_t”转换到“uint32_t”，可能丢失数据
e:\project\webrtc\webrtc\git\webrtc_vs2015-master\webrtc_vs2015-master\webrtc\modules\audio_coding\acm2\audio_coding_module.cc(101): warning C4373: “webrtc::`anonymous-namespace'::AudioCodingModuleImpl::SetVAD”: 虚函数重写“webrtc::AudioCodingModule::SetVAD”，当参数只在 const/volatile 限定符上有差异时，早期版本的编译器未进行重写
  e:\project\webrtc\webrtc\git\webrtc_vs2015-master\webrtc_vs2015-master\webrtc\modules\audio_coding\include\audio_coding_module.h(411): note: 参见“webrtc::AudioCodingModule::SetVAD”的声明
e:\project\webrtc\webrtc\git\webrtc_vs2015-master\webrtc_vs2015-master\webrtc\modules\audio_coding\acm2\audio_coding_module.cc(150): warning C4373: “webrtc::`anonymous-namespace'::AudioCodingModuleImpl::IncomingPayload”: 虚函数重写“webrtc::AudioCodingModule::IncomingPayload”，当参数只在 const/volatile 限定符上有差异时，早期版本的编译器未进行重写
  e:\project\webrtc\webrtc\git\webrtc_vs2015-master\webrtc_vs2015-master\webrtc\modules\audio_coding\include\audio_coding_module.h(608): note: 参见“webrtc::AudioCodingModule::IncomingPayload”的声明
e:\project\webrtc\webrtc\git\webrtc_vs2015-master\webrtc_vs2015-master\webrtc\modules\audio_coding\acm2\audio_coding_module.cc(164): warning C4996: 'webrtc::AudioCodingModule::PlayoutTimestamp': 被声明为已否决
  e:\project\webrtc\webrtc\git\webrtc_vs2015-master\webrtc_vs2015-master\webrtc\modules\audio_coding\include\audio_coding_module.h(661): note: 参见“webrtc::AudioCodingModule::PlayoutTimestamp”的声明
e:\project\webrtc\webrtc\git\webrtc_vs2015-master\webrtc_vs2015-master\webrtc\modules\audio_coding\acm2\audio_coding_module.cc(904): warning C4244: “参数”: 从“double”转换到“float”，可能丢失数据
  acm_resampler.cc
  acm_receiver.cc
e:\project\webrtc\webrtc\git\webrtc_vs2015-master\webrtc_vs2015-master\webrtc\system_wrappers\include\ntp_time.h(43): warning C4244: “return”: 从“uint64_t”转换到“uint32_t”，可能丢失数据
  acm_codec_database.cc
e:\project\webrtc\webrtc\git\webrtc_vs2015-master\webrtc_vs2015-master\webrtc\modules\audio_coding\acm2\acm_codec_database.cc(332): warning C4244: “return”: 从“__int64”转换到“int”，可能丢失数据
  正在生成代码...
  webrtc_module_audio_coding.vcxproj -> E:\project\webrtc\webrtc\git\webrtc_vs2015-master\webrtc_vs2015-master\vs140\x64\Debug\webrtc_module_audio_coding.lib
