  vp8_impl.cc
e:\project\webrtc\webrtc\git\webrtc_vs2015-master\webrtc_vs2015-master\webrtc\system_wrappers\include\ntp_time.h(43): warning C4244: “return”: 从“uint64_t”转换到“uint32_t”，可能丢失数据
e:\project\webrtc\webrtc\git\webrtc_vs2015-master\webrtc_vs2015-master\webrtc\modules\video_coding\codecs\vp8\vp8_impl.cc(189): warning C4267: “初始化”: 从“size_t”转换到“int”，可能丢失数据
e:\project\webrtc\webrtc\git\webrtc_vs2015-master\webrtc_vs2015-master\webrtc\modules\video_coding\codecs\vp8\vp8_impl.cc(189): warning C4267: “初始化”: 从“size_t”转换到“const int”，可能丢失数据
e:\project\webrtc\webrtc\git\webrtc_vs2015-master\webrtc_vs2015-master\webrtc\modules\video_coding\codecs\vp8\vp8_impl.cc(246): warning C4267: “参数”: 从“size_t”转换到“int”，可能丢失数据
e:\project\webrtc\webrtc\git\webrtc_vs2015-master\webrtc_vs2015-master\webrtc\modules\video_coding\codecs\vp8\vp8_impl.cc(487): warning C4267: “初始化”: 从“size_t”转换到“int”，可能丢失数据
e:\project\webrtc\webrtc\git\webrtc_vs2015-master\webrtc_vs2015-master\webrtc\modules\video_coding\codecs\vp8\vp8_impl.cc(591): warning C4267: “参数”: 从“size_t”转换到“int”，可能丢失数据
e:\project\webrtc\webrtc\git\webrtc_vs2015-master\webrtc_vs2015-master\webrtc\modules\video_coding\codecs\vp8\vp8_impl.cc(648): warning C4244: “初始化”: 从“float”转换到“uint32_t”，可能丢失数据
e:\project\webrtc\webrtc\git\webrtc_vs2015-master\webrtc_vs2015-master\webrtc\modules\video_coding\codecs\vp8\vp8_impl.cc(753): warning C4244: “参数”: 从“const uint64_t”转换到“int”，可能丢失数据
e:\project\webrtc\webrtc\git\webrtc_vs2015-master\webrtc_vs2015-master\webrtc\modules\video_coding\codecs\vp8\vp8_impl.cc(769): warning C4244: “初始化”: 从“const uint64_t”转换到“int”，可能丢失数据
e:\project\webrtc\webrtc\git\webrtc_vs2015-master\webrtc_vs2015-master\webrtc\modules\video_coding\codecs\vp8\vp8_impl.cc(954): warning C4267: “参数”: 从“size_t”转换到“unsigned int”，可能丢失数据
e:\project\webrtc\webrtc\git\webrtc_vs2015-master\webrtc_vs2015-master\webrtc\modules\video_coding\codecs\vp8\vp8_impl.cc(1139): warning C4267: “参数”: 从“size_t”转换到“unsigned int”，可能丢失数据
  simulcast_encoder_adapter.cc
e:\project\webrtc\webrtc\git\webrtc_vs2015-master\webrtc_vs2015-master\webrtc\system_wrappers\include\ntp_time.h(43): warning C4244: “return”: 从“uint64_t”转换到“uint32_t”，可能丢失数据
e:\project\webrtc\webrtc\git\webrtc_vs2015-master\webrtc_vs2015-master\webrtc\modules\video_coding\codecs\vp8\simulcast_encoder_adapter.cc(410): warning C4267: “=”: 从“size_t”转换到“uint8_t”，可能丢失数据
  screenshare_layers.cc
e:\project\webrtc\webrtc\git\webrtc_vs2015-master\webrtc_vs2015-master\webrtc\system_wrappers\include\ntp_time.h(43): warning C4244: “return”: 从“uint64_t”转换到“uint32_t”，可能丢失数据
e:\project\webrtc\webrtc\git\webrtc_vs2015-master\webrtc_vs2015-master\webrtc\modules\video_coding\codecs\vp8\screenshare_layers.cc(89): warning C4244: “参数”: 从“float”转换到“int64_t”，可能丢失数据
e:\project\webrtc\webrtc\git\webrtc_vs2015-master\webrtc_vs2015-master\webrtc\modules\video_coding\codecs\vp8\screenshare_layers.cc(312): warning C4244: “=”: 从“const double”转换到“uint32_t”，可能丢失数据
e:\project\webrtc\webrtc\git\webrtc_vs2015-master\webrtc_vs2015-master\webrtc\modules\video_coding\codecs\vp8\screenshare_layers.cc(379): warning C4244: “初始化”: 从“int64_t”转换到“uint32_t”，可能丢失数据
e:\project\webrtc\webrtc\git\webrtc_vs2015-master\webrtc_vs2015-master\webrtc\modules\video_coding\codecs\vp8\screenshare_layers.cc(395): warning C4244: “参数”: 从“int64_t”转换到“int”，可能丢失数据
e:\project\webrtc\webrtc\git\webrtc_vs2015-master\webrtc_vs2015-master\webrtc\modules\video_coding\codecs\vp8\screenshare_layers.cc(398): warning C4244: “参数”: 从“int64_t”转换到“int”，可能丢失数据
e:\project\webrtc\webrtc\git\webrtc_vs2015-master\webrtc_vs2015-master\webrtc\modules\video_coding\codecs\vp8\screenshare_layers.cc(399): warning C4244: “初始化”: 从“int64_t”转换到“int”，可能丢失数据
e:\project\webrtc\webrtc\git\webrtc_vs2015-master\webrtc_vs2015-master\webrtc\modules\video_coding\codecs\vp8\screenshare_layers.cc(403): warning C4244: “参数”: 从“int64_t”转换到“int”，可能丢失数据
e:\project\webrtc\webrtc\git\webrtc_vs2015-master\webrtc_vs2015-master\webrtc\modules\video_coding\codecs\vp8\screenshare_layers.cc(407): warning C4244: “参数”: 从“int64_t”转换到“int”，可能丢失数据
e:\project\webrtc\webrtc\git\webrtc_vs2015-master\webrtc_vs2015-master\webrtc\modules\video_coding\codecs\vp8\screenshare_layers.cc(410): warning C4244: “参数”: 从“int64_t”转换到“int”，可能丢失数据
e:\project\webrtc\webrtc\git\webrtc_vs2015-master\webrtc_vs2015-master\webrtc\modules\video_coding\codecs\vp8\screenshare_layers.cc(413): warning C4244: “参数”: 从“int64_t”转换到“int”，可能丢失数据
e:\project\webrtc\webrtc\git\webrtc_vs2015-master\webrtc_vs2015-master\webrtc\modules\video_coding\codecs\vp8\screenshare_layers.cc(417): warning C4244: “参数”: 从“int64_t”转换到“int”，可能丢失数据
e:\project\webrtc\webrtc\git\webrtc_vs2015-master\webrtc_vs2015-master\webrtc\modules\video_coding\codecs\vp8\screenshare_layers.cc(420): warning C4244: “参数”: 从“int64_t”转换到“int”，可能丢失数据
  reference_picture_selection.cc
  realtime_temporal_layers.cc
  default_temporal_layers.cc
  正在生成代码...
  webrtc_codec_vp8.vcxproj -> E:\project\webrtc\webrtc\git\webrtc_vs2015-master\webrtc_vs2015-master\vs140\x64\Debug\webrtc_codec_vp8.lib
